[0m2021.05.19 16:22:46 INFO  Started: Metals version 0.10.3 in workspace '/Users/joona/dev/hello-world' for client Visual Studio Code 1.56.0.[0m
[0m2021.05.19 16:22:48 INFO  time: initialize in 1.92s[0m
[0m2021.05.19 16:22:48 WARN  Build server is not auto-connectable.[0m
[0m2021.05.19 16:22:52 INFO  running '/Library/Java/JavaVirtualMachines/jdk-11.0.6.jdk/Contents/Home/bin/java -Djline.terminal=jline.UnsupportedTerminal -Dsbt.log.noformat=true -Dfile.encoding=UTF-8 -jar /var/folders/r5/tby0_5_521bcmb5t6jwpr6v00000gp/T/metals2752992671842428153/sbt-launch.jar -Dbloop.export-jar-classifiers=sources bloopInstall'[0m
[0m2021.05.19 16:22:53 WARN  no build target for: /Users/joona/dev/hello-world/project/metals.sbt[0m
[0m2021.05.19 16:22:53 WARN  no build target for: /Users/joona/dev/hello-world/project/project/metals.sbt[0m
[0m2021.05.19 16:22:53 INFO  skipping build import with status 'Started'[0m
[0m2021.05.19 16:22:53 ERROR [info] [launcher] getting org.scala-sbt sbt 1.5.1  (this may take some time)...[0m
[0m2021.05.19 16:22:56 INFO  no build target: using presentation compiler with only scala-library: 2.12.13[0m
[0m2021.05.19 16:22:58 ERROR downloading https://repo1.maven.org/maven2/org/scala-sbt/sbt/1.5.1/sbt-1.5.1.jar ...[0m
[0m2021.05.19 16:22:58 ERROR downloading https://repo1.maven.org/maven2/org/scala-sbt/main_2.12/1.5.1/main_2.12-1.5.1.jar ...[0m
[0m2021.05.19 16:22:58 ERROR downloading https://repo1.maven.org/maven2/org/scala-sbt/logic_2.12/1.5.1/logic_2.12-1.5.1.jar ...[0m
[0m2021.05.19 16:22:58 ERROR downloading https://repo1.maven.org/maven2/org/scala-sbt/run_2.12/1.5.1/run_2.12-1.5.1.jar ...[0m
[0m2021.05.19 16:22:58 ERROR downloading https://repo1.maven.org/maven2/org/scala-sbt/main-settings_2.12/1.5.1/main-settings_2.12-1.5.1.jar ...[0m
[0m2021.05.19 16:22:58 ERROR downloading https://repo1.maven.org/maven2/org/scala-sbt/command_2.12/1.5.1/command_2.12-1.5.1.jar ...[0m
[0m2021.05.19 16:22:58 ERROR downloading https://repo1.maven.org/maven2/org/scala-sbt/collections_2.12/1.5.1/collections_2.12-1.5.1.jar ...[0m
[0m2021.05.19 16:22:58 ERROR downloading https://repo1.maven.org/maven2/org/scala-sbt/actions_2.12/1.5.1/actions_2.12-1.5.1.jar ...[0m
[0m2021.05.19 16:22:58 ERROR downloading https://repo1.maven.org/maven2/org/scala-sbt/scripted-plugin_2.12/1.5.1/scripted-plugin_2.12-1.5.1.jar ...[0m
[0m2021.05.19 16:22:58 ERROR downloading https://repo1.maven.org/maven2/org/scala-sbt/zinc-lm-integration_2.12/1.5.1/zinc-lm-integration_2.12-1.5.1.jar ...[0m
[0m2021.05.19 16:22:58 ERROR downloading https://repo1.maven.org/maven2/org/scala-sbt/util-logging_2.12/1.5.1/util-logging_2.12-1.5.1.jar ...[0m
[0m2021.05.19 16:22:58 ERROR downloading https://repo1.maven.org/maven2/org/scala-sbt/launcher-interface/1.3.1/launcher-interface-1.3.1.jar ...[0m
[0m2021.05.19 16:22:58 ERROR :: loading settings :: url = jar:file:/private/var/folders/r5/tby0_5_521bcmb5t6jwpr6v00000gp/T/metals2752992671842428153/sbt-launch.jar!/org/apache/ivy/core/settings/ivysettings.xml[0m
[0m2021.05.19 16:22:58 ERROR :: loading settings :: url = jar:file:/private/var/folders/r5/tby0_5_521bcmb5t6jwpr6v00000gp/T/metals2752992671842428153/sbt-launch.jar!/org/apache/ivy/core/settings/ivysettings.xml[0m
[0m2021.05.19 16:22:58 ERROR :: loading settings :: url = jar:file:/private/var/folders/r5/tby0_5_521bcmb5t6jwpr6v00000gp/T/metals2752992671842428153/sbt-launch.jar!/org/apache/ivy/core/settings/ivysettings.xml[0m
[0m2021.05.19 16:22:58 ERROR :: loading settings :: url = jar:file:/private/var/folders/r5/tby0_5_521bcmb5t6jwpr6v00000gp/T/metals2752992671842428153/sbt-launch.jar!/org/apache/ivy/core/settings/ivysettings.xml[0m
[0m2021.05.19 16:22:58 ERROR :: loading settings :: url = jar:file:/private/var/folders/r5/tby0_5_521bcmb5t6jwpr6v00000gp/T/metals2752992671842428153/sbt-launch.jar!/org/apache/ivy/core/settings/ivysettings.xml[0m
[0m2021.05.19 16:22:58 ERROR :: loading settings :: url = jar:file:/private/var/folders/r5/tby0_5_521bcmb5t6jwpr6v00000gp/T/metals2752992671842428153/sbt-launch.jar!/org/apache/ivy/core/settings/ivysettings.xml[0m
[0m2021.05.19 16:22:58 ERROR :: loading settings :: url = jar:file:/private/var/folders/r5/tby0_5_521bcmb5t6jwpr6v00000gp/T/metals2752992671842428153/sbt-launch.jar!/org/apache/ivy/core/settings/ivysettings.xml[0m
[0m2021.05.19 16:22:58 ERROR :: loading settings :: url = jar:file:/private/var/folders/r5/tby0_5_521bcmb5t6jwpr6v00000gp/T/metals2752992671842428153/sbt-launch.jar!/org/apache/ivy/core/settings/ivysettings.xml[0m
[0m2021.05.19 16:22:58 ERROR :: loading settings :: url = jar:file:/private/var/folders/r5/tby0_5_521bcmb5t6jwpr6v00000gp/T/metals2752992671842428153/sbt-launch.jar!/org/apache/ivy/core/settings/ivysettings.xml[0m
[0m2021.05.19 16:22:58 ERROR :: loading settings :: url = jar:file:/private/var/folders/r5/tby0_5_521bcmb5t6jwpr6v00000gp/T/metals2752992671842428153/sbt-launch.jar!/org/apache/ivy/core/settings/ivysettings.xml[0m
[0m2021.05.19 16:22:58 ERROR :: loading settings :: url = jar:file:/private/var/folders/r5/tby0_5_521bcmb5t6jwpr6v00000gp/T/metals2752992671842428153/sbt-launch.jar!/org/apache/ivy/core/settings/ivysettings.xml[0m
[0m2021.05.19 16:22:58 ERROR :: loading settings :: url = jar:file:/private/var/folders/r5/tby0_5_521bcmb5t6jwpr6v00000gp/T/metals2752992671842428153/sbt-launch.jar!/org/apache/ivy/core/settings/ivysettings.xml[0m
[0m2021.05.19 16:22:58 ERROR :: loading settings :: url = jar:file:/private/var/folders/r5/tby0_5_521bcmb5t6jwpr6v00000gp/T/metals2752992671842428153/sbt-launch.jar!/org/apache/ivy/core/settings/ivysettings.xml[0m
[0m2021.05.19 16:22:58 ERROR :: loading settings :: url = jar:file:/private/var/folders/r5/tby0_5_521bcmb5t6jwpr6v00000gp/T/metals2752992671842428153/sbt-launch.jar!/org/apache/ivy/core/settings/ivysettings.xml[0m
[0m2021.05.19 16:22:58 ERROR :: loading settings :: url = jar:file:/private/var/folders/r5/tby0_5_521bcmb5t6jwpr6v00000gp/T/metals2752992671842428153/sbt-launch.jar!/org/apache/ivy/core/settings/ivysettings.xml[0m
[0m2021.05.19 16:22:58 ERROR :: loading settings :: url = jar:file:/private/var/folders/r5/tby0_5_521bcmb5t6jwpr6v00000gp/T/metals2752992671842428153/sbt-launch.jar!/org/apache/ivy/core/settings/ivysettings.xml[0m
[0m2021.05.19 16:22:58 ERROR downloading https://repo1.maven.org/maven2/org/scala-sbt/compiler-interface/1.5.1/compiler-interface-1.5.1.jar ...[0m
[0m2021.05.19 16:22:58 ERROR downloading https://repo1.maven.org/maven2/org/scala-sbt/zinc-compile_2.12/1.5.1/zinc-compile_2.12-1.5.1.jar ...[0m
[0m2021.05.19 16:22:58 ERROR downloading https://repo1.maven.org/maven2/org/scala-sbt/util-relation_2.12/1.5.1/util-relation_2.12-1.5.1.jar ...[0m
[0m2021.05.19 16:22:58 ERROR downloading https://repo1.maven.org/maven2/org/scala-sbt/util-position_2.12/1.5.1/util-position_2.12-1.5.1.jar ...[0m
[0m2021.05.19 16:22:58 ERROR 	[SUCCESSFUL ] org.scala-sbt#sbt;1.5.1!sbt.jar (213ms)[0m
[0m2021.05.19 16:22:58 ERROR downloading https://repo1.maven.org/maven2/org/scala-sbt/completion_2.12/1.5.1/completion_2.12-1.5.1.jar ...[0m
[0m2021.05.19 16:22:58 ERROR 	[SUCCESSFUL ] org.scala-sbt#scripted-plugin_2.12;1.5.1!scripted-plugin_2.12.jar (247ms)[0m
[0m2021.05.19 16:22:58 ERROR downloading https://repo1.maven.org/maven2/org/scala-sbt/task-system_2.12/1.5.1/task-system_2.12-1.5.1.jar ...[0m
[0m2021.05.19 16:22:58 ERROR 	[SUCCESSFUL ] org.scala-sbt#util-relation_2.12;1.5.1!util-relation_2.12.jar (224ms)[0m
[0m2021.05.19 16:22:58 ERROR downloading https://repo1.maven.org/maven2/org/scala-sbt/tasks_2.12/1.5.1/tasks_2.12-1.5.1.jar ...[0m
[0m2021.05.19 16:22:58 ERROR 	[SUCCESSFUL ] org.scala-sbt#util-position_2.12;1.5.1!util-position_2.12.jar (257ms)[0m
[0m2021.05.19 16:22:58 ERROR downloading https://repo1.maven.org/maven2/org/scala-sbt/testing_2.12/1.5.1/testing_2.12-1.5.1.jar ...[0m
[0m2021.05.19 16:22:58 ERROR 	[SUCCESSFUL ] org.scala-sbt#zinc-compile_2.12;1.5.1!zinc-compile_2.12.jar (262ms)[0m
[0m2021.05.19 16:22:58 ERROR downloading https://repo1.maven.org/maven2/org/scala-sbt/util-tracking_2.12/1.5.1/util-tracking_2.12-1.5.1.jar ...[0m
[0m2021.05.19 16:22:58 ERROR 	[SUCCESSFUL ] org.scala-sbt#zinc-lm-integration_2.12;1.5.1!zinc-lm-integration_2.12.jar (302ms)[0m
[0m2021.05.19 16:22:58 ERROR 	[SUCCESSFUL ] org.scala-sbt#launcher-interface;1.3.1!launcher-interface.jar (301ms)[0m
[0m2021.05.19 16:22:58 ERROR downloading https://repo1.maven.org/maven2/org/scala-sbt/zinc-classpath_2.12/1.5.1/zinc-classpath_2.12-1.5.1.jar ...[0m
[0m2021.05.19 16:22:58 ERROR downloading https://repo1.maven.org/maven2/org/scala-sbt/zinc-apiinfo_2.12/1.5.1/zinc-apiinfo_2.12-1.5.1.jar ...[0m
[0m2021.05.19 16:22:58 ERROR 	[SUCCESSFUL ] org.scala-sbt#logic_2.12;1.5.1!logic_2.12.jar (328ms)[0m
[0m2021.05.19 16:22:58 ERROR downloading https://repo1.maven.org/maven2/org/scala-sbt/zinc_2.12/1.5.1/zinc_2.12-1.5.1.jar ...[0m
[0m2021.05.19 16:22:58 ERROR 	[SUCCESSFUL ] org.scala-sbt#run_2.12;1.5.1!run_2.12.jar (372ms)[0m
[0m2021.05.19 16:22:58 ERROR downloading https://repo1.maven.org/maven2/org/scala-sbt/util-control_2.12/1.5.1/util-control_2.12-1.5.1.jar ...[0m
[0m2021.05.19 16:22:58 ERROR 	[SUCCESSFUL ] org.scala-sbt#actions_2.12;1.5.1!actions_2.12.jar (445ms)[0m
[0m2021.05.19 16:22:58 ERROR downloading https://repo1.maven.org/maven2/org/scala-sbt/util-interface/1.5.1/util-interface-1.5.1.jar ...[0m
[0m2021.05.19 16:22:58 ERROR 	[SUCCESSFUL ] org.scala-sbt#compiler-interface;1.5.1!compiler-interface.jar (557ms)[0m
[0m2021.05.19 16:22:58 ERROR downloading https://repo1.maven.org/maven2/org/scala-sbt/core-macros_2.12/1.5.1/core-macros_2.12-1.5.1.jar ...[0m
[0m2021.05.19 16:22:58 ERROR 	[SUCCESSFUL ] org.scala-sbt#util-control_2.12;1.5.1!util-control_2.12.jar (228ms)[0m
[0m2021.05.19 16:22:58 ERROR 	[SUCCESSFUL ] org.scala-sbt#util-interface;1.5.1!util-interface.jar (157ms)[0m
[0m2021.05.19 16:22:58 ERROR downloading https://repo1.maven.org/maven2/org/scala-sbt/util-cache_2.12/1.5.1/util-cache_2.12-1.5.1.jar ...[0m
[0m2021.05.19 16:22:58 ERROR downloading https://repo1.maven.org/maven2/org/scala-sbt/test-agent/1.5.1/test-agent-1.5.1.jar ...[0m
[0m2021.05.19 16:22:58 ERROR 	[SUCCESSFUL ] org.scala-sbt#collections_2.12;1.5.1!collections_2.12.jar (605ms)[0m
[0m2021.05.19 16:22:58 ERROR downloading https://repo1.maven.org/maven2/org/scala-sbt/compiler-bridge_2.12/1.5.1/compiler-bridge_2.12-1.5.1.jar ...[0m
[0m2021.05.19 16:22:58 ERROR 	[SUCCESSFUL ] org.scala-sbt#tasks_2.12;1.5.1!tasks_2.12.jar (368ms)[0m
[0m2021.05.19 16:22:58 ERROR 	[SUCCESSFUL ] org.scala-sbt#task-system_2.12;1.5.1!task-system_2.12.jar (371ms)[0m
[0m2021.05.19 16:22:58 ERROR downloading https://repo1.maven.org/maven2/org/scala-sbt/zinc-classfile_2.12/1.5.1/zinc-classfile_2.12-1.5.1.jar ...[0m
[0m2021.05.19 16:22:58 ERROR 	[SUCCESSFUL ] org.scala-sbt#zinc-classpath_2.12;1.5.1!zinc-classpath_2.12.jar (316ms)[0m
[0m2021.05.19 16:22:58 ERROR 	[SUCCESSFUL ] org.scala-sbt#util-logging_2.12;1.5.1!util-logging_2.12.jar (619ms)[0m
[0m2021.05.19 16:22:58 ERROR downloading https://repo1.maven.org/maven2/org/scala-sbt/zinc-core_2.12/1.5.1/zinc-core_2.12-1.5.1.jar ...[0m
[0m2021.05.19 16:22:58 ERROR downloading https://repo1.maven.org/maven2/org/scala-sbt/zinc-persist_2.12/1.5.1/zinc-persist_2.12-1.5.1.jar ...[0m
[0m2021.05.19 16:22:58 ERROR downloading https://repo1.maven.org/maven2/org/scala-sbt/zinc-compile-core_2.12/1.5.1/zinc-compile-core_2.12-1.5.1.jar ...[0m
[0m2021.05.19 16:22:58 ERROR 	[SUCCESSFUL ] org.scala-sbt#testing_2.12;1.5.1!testing_2.12.jar (359ms)[0m
[0m2021.05.19 16:22:58 ERROR downloading https://repo1.maven.org/maven2/org/scala-sbt/zinc-persist-core-assembly/1.5.1/zinc-persist-core-assembly-1.5.1.jar ...[0m
[0m2021.05.19 16:22:58 ERROR 	[SUCCESSFUL ] org.scala-sbt#zinc-apiinfo_2.12;1.5.1!zinc-apiinfo_2.12.jar (342ms)[0m
[0m2021.05.19 16:22:58 ERROR downloading https://repo1.maven.org/maven2/org/scala-sbt/protocol_2.12/1.5.1/protocol_2.12-1.5.1.jar ...[0m
[0m2021.05.19 16:22:58 ERROR 	[SUCCESSFUL ] org.scala-sbt#command_2.12;1.5.1!command_2.12.jar (685ms)[0m
[0m2021.05.19 16:22:58 ERROR 	[SUCCESSFUL ] org.scala-sbt#test-agent;1.5.1!test-agent.jar (220ms)[0m
[0m2021.05.19 16:22:58 ERROR 	[SUCCESSFUL ] org.scala-sbt#core-macros_2.12;1.5.1!core-macros_2.12.jar (241ms)[0m
[0m2021.05.19 16:22:58 ERROR 	[SUCCESSFUL ] org.scala-sbt#main-settings_2.12;1.5.1!main-settings_2.12.jar (883ms)[0m
[0m2021.05.19 16:22:58 ERROR 	[SUCCESSFUL ] org.scala-sbt#util-tracking_2.12;1.5.1!util-tracking_2.12.jar (633ms)[0m
[0m2021.05.19 16:22:58 ERROR 	[SUCCESSFUL ] org.scala-sbt#zinc-classfile_2.12;1.5.1!zinc-classfile_2.12.jar (323ms)[0m
[0m2021.05.19 16:22:58 ERROR 	[SUCCESSFUL ] org.scala-sbt#zinc_2.12;1.5.1!zinc_2.12.jar (638ms)[0m
[0m2021.05.19 16:22:58 ERROR 	[SUCCESSFUL ] org.scala-sbt#completion_2.12;1.5.1!completion_2.12.jar (755ms)[0m
[0m2021.05.19 16:22:58 ERROR 	[SUCCESSFUL ] org.scala-sbt#compiler-bridge_2.12;1.5.1!compiler-bridge_2.12.jar (362ms)[0m
[0m2021.05.19 16:22:58 ERROR 	[SUCCESSFUL ] org.scala-sbt#zinc-persist_2.12;1.5.1!zinc-persist_2.12.jar (362ms)[0m
[0m2021.05.19 16:22:59 ERROR 	[SUCCESSFUL ] org.scala-sbt#util-cache_2.12;1.5.1!util-cache_2.12.jar (404ms)[0m
[0m2021.05.19 16:22:59 ERROR 	[SUCCESSFUL ] org.scala-sbt#zinc-compile-core_2.12;1.5.1!zinc-compile-core_2.12.jar (406ms)[0m
[0m2021.05.19 16:22:59 ERROR 	[SUCCESSFUL ] org.scala-sbt#zinc-core_2.12;1.5.1!zinc-core_2.12.jar (453ms)[0m
[0m2021.05.19 16:22:59 ERROR 	[SUCCESSFUL ] org.scala-sbt#protocol_2.12;1.5.1!protocol_2.12.jar (611ms)[0m
[0m2021.05.19 16:22:59 ERROR 	[SUCCESSFUL ] org.scala-sbt#main_2.12;1.5.1!main_2.12.jar (1597ms)[0m
[0m2021.05.19 16:22:59 ERROR 	[SUCCESSFUL ] org.scala-sbt#zinc-persist-core-assembly;1.5.1!zinc-persist-core-assembly.jar (1014ms)[0m
[0m2021.05.19 16:22:59 ERROR :: retrieving :: org.scala-sbt#boot-app[0m
[0m2021.05.19 16:22:59 ERROR 	confs: [default][0m
[0m2021.05.19 16:22:59 ERROR 	83 artifacts copied, 0 already retrieved[0m
[0m2021.05.19 16:23:00 INFO  [info] welcome to sbt 1.5.1 (Oracle Corporation Java 11.0.6)[0m
[0m2021.05.19 16:23:03 INFO  [info] loading settings for project hello-world-build-build from metals.sbt ...[0m
[0m2021.05.19 16:23:03 INFO  [info] loading project definition from /Users/joona/dev/hello-world/project/project[0m
[0m2021.05.19 16:23:05 INFO  [info] loading settings for project hello-world-build from metals.sbt ...[0m
[0m2021.05.19 16:23:05 INFO  [info] loading project definition from /Users/joona/dev/hello-world/project[0m
[0m2021.05.19 16:23:08 INFO  [success] Generated .bloop/hello-world-build.json[0m
[0m2021.05.19 16:23:08 INFO  [success] Total time: 3 s, completed 19 May 2021, 16:23:09[0m
[0m2021.05.19 16:23:10 INFO  [info] loading settings for project hello-world from build.sbt ...[0m
[0m2021.05.19 16:23:10 INFO  [info] set current project to hello-world (in build file:/Users/joona/dev/hello-world/)[0m
[0m2021.05.19 16:23:10 INFO  [success] Generated .bloop/hello-world.json[0m
[0m2021.05.19 16:23:10 INFO  [success] Generated .bloop/hello-world-test.json[0m
[0m2021.05.19 16:23:10 INFO  [success] Total time: 0 s, completed 19 May 2021, 16:23:10[0m
[0m2021.05.19 16:23:10 INFO  sbt bloopInstall exit: 0[0m
[0m2021.05.19 16:23:10 INFO  time: ran 'sbt bloopInstall' in 17s[0m
[0m2021.05.19 16:23:10 INFO  Attempting to connect to the build server...[0m
Starting the bsp launcher for bloop...
Opening a bsp server connection with 'bsp --protocol local --socket /var/folders/r5/tby0_5_521bcmb5t6jwpr6v00000gp/T/bsp-launcher14647279856114046079/bsp.socket'...
Waiting for the bsp connection to come up...
Waiting for the bsp connection to come up...
Waiting for the bsp connection to come up...
No server running at 127.0.0.1:8212, let's fire one...
Resolving ch.epfl.scala:bloop-frontend_2.12:1.4.8-19-4d9f966b...
Starting bloop server at 127.0.0.1:8212...
Attempting a connection to the server...
Attempting a connection to the server...
Attempting a connection to the server...
Attempting a connection to the server...
Attempting a connection to the server...
[0m[32m[D][0m Loading 2 projects from '/Users/joona/dev/hello-world/.bloop'...
[0m[32m[D][0m Loading project from '/Users/joona/dev/hello-world/.bloop/hello-world-test.json'
[0m[32m[D][0m Loading project from '/Users/joona/dev/hello-world/.bloop/hello-world.json'
[0m[32m[D][0m Cache miss for scala instance org.scala-lang:scala-compiler:2.13.3.
[0m[32m[D][0m   => /Users/joona/Library/Caches/Coursier/v1/https/repo1.maven.org/maven2/net/java/dev/jna/jna/5.3.1/jna-5.3.1.jar
[0m[32m[D][0m   => /Users/joona/Library/Caches/Coursier/v1/https/repo1.maven.org/maven2/org/jline/jline/3.15.0/jline-3.15.0.jar
[0m[32m[D][0m   => /Users/joona/Library/Caches/Coursier/v1/https/repo1.maven.org/maven2/org/scala-lang/scala-compiler/2.13.3/scala-compiler-2.13.3.jar
[0m[32m[D][0m   => /Users/joona/Library/Caches/Coursier/v1/https/repo1.maven.org/maven2/org/scala-lang/scala-library/2.13.3/scala-library-2.13.3.jar
[0m[32m[D][0m   => /Users/joona/Library/Caches/Coursier/v1/https/repo1.maven.org/maven2/org/scala-lang/scala-reflect/2.13.3/scala-reflect-2.13.3.jar
[0m[32m[D][0m Missing analysis file for project 'hello-world-test'
[0m[32m[D][0m Missing analysis file for project 'hello-world'
[0m[32m[D][0m Waiting for a connection at local:///var/folders/r5/tby0_5_521bcmb5t6jwpr6v00000gp/T/bsp-launcher14647279856114046079/bsp.socket...
The server is listening for incoming connections at local:///var/folders/r5/tby0_5_521bcmb5t6jwpr6v00000gp/T/bsp-launcher14647279856114046079/bsp.socket...
Starting thread that pumps stdin and redirects it to the bsp server...
Starting thread that pumps server stdout and redirects it to the client stdout...
[0m2021.05.19 16:23:12 INFO  tracing is disabled for protocol BSP, to enable tracing of incoming and outgoing JSON messages create an empty file at /Users/joona/Library/Caches/org.scalameta.metals/bsp.trace.json[0m
[0m2021.05.19 16:23:15 INFO  Attempting to connect to the build server...[0m
Starting the bsp launcher for bloop...
Opening a bsp server connection with 'bsp --protocol local --socket /var/folders/r5/tby0_5_521bcmb5t6jwpr6v00000gp/T/bsp-launcher15303971252163715317/bsp.socket'...
Waiting for the bsp connection to come up...
[0m[32m[D][0m Loading workspace settings from bloop.settings.json
[0m[32m[D][0m Waiting for a connection at local:///var/folders/r5/tby0_5_521bcmb5t6jwpr6v00000gp/T/bsp-launcher15303971252163715317/bsp.socket...
The server is listening for incoming connections at local:///var/folders/r5/tby0_5_521bcmb5t6jwpr6v00000gp/T/bsp-launcher15303971252163715317/bsp.socket...
Starting thread that pumps stdin and redirects it to the bsp server...
Starting thread that pumps server stdout and redirects it to the client stdout...
[0m2021.05.19 16:23:15 INFO  tracing is disabled for protocol BSP, to enable tracing of incoming and outgoing JSON messages create an empty file at /Users/joona/Library/Caches/org.scalameta.metals/bsp.trace.json[0m
[0m2021.05.19 16:23:17 INFO  time: Connected to build server in 6.54s[0m
[0m2021.05.19 16:23:17 INFO  Connected to Build server: Bloop v1.4.8-19-4d9f966b[0m
[0m2021.05.19 16:23:20 INFO  time: indexed workspace in 3.48s[0m
[0m2021.05.19 16:23:28 INFO  compiling hello-world (1 scala source)[0m
[0m2021.05.19 16:23:33 INFO  time: compiled hello-world in 4.52s[0m
[0m2021.05.19 16:23:51 INFO  shutting down Metals[0m
[0m2021.05.19 16:23:51 INFO  Shut down connection with build server.[0m
[0m2021.05.19 16:23:51 INFO  Shut down connection with build server.[0m
No more data in the client stdin, exiting...
No more data in the client stdin, exiting...
No more data in the server stdin, exiting...
No more data in the server stdin, exiting...
No more data in the server stdin, exiting...
No more data in the server stdin, exiting...
